{"/Users/Aaron/Documents/Code/nodal/src/bootstrap.js":{"path":"/Users/Aaron/Documents/Code/nodal/src/bootstrap.js","s":{"1":1,"2":1,"3":7,"4":1,"5":5,"6":1,"7":1,"8":1,"9":9,"10":1,"11":0,"12":0,"13":1,"14":1,"15":1,"16":1,"17":2,"18":1,"19":2,"20":1},"b":{"1":[9,0]},"f":{"1":7,"2":5,"3":1,"4":9,"5":0,"6":1,"7":2,"8":2},"fnMap":{"1":{"name":"(anonymous_1)","line":16,"loc":{"start":{"line":16,"column":14},"end":{"line":16,"column":24}}},"2":{"name":"(anonymous_2)","line":20,"loc":{"start":{"line":20,"column":13},"end":{"line":20,"column":23}}},"3":{"name":"(anonymous_3)","line":24,"loc":{"start":{"line":24,"column":14},"end":{"line":24,"column":24}}},"4":{"name":"(anonymous_4)","line":28,"loc":{"start":{"line":28,"column":13},"end":{"line":28,"column":36}}},"5":{"name":"(anonymous_5)","line":32,"loc":{"start":{"line":32,"column":12},"end":{"line":32,"column":26}}},"6":{"name":"(anonymous_6)","line":65,"loc":{"start":{"line":65,"column":41},"end":{"line":65,"column":60}}},"7":{"name":"(anonymous_7)","line":66,"loc":{"start":{"line":66,"column":48},"end":{"line":66,"column":62}}},"8":{"name":"(anonymous_8)","line":73,"loc":{"start":{"line":73,"column":35},"end":{"line":73,"column":53}}}},"statementMap":{"1":{"start":{"line":12,"column":0},"end":{"line":12,"column":25}},"2":{"start":{"line":16,"column":0},"end":{"line":18,"column":1}},"3":{"start":{"line":17,"column":2},"end":{"line":17,"column":27}},"4":{"start":{"line":20,"column":0},"end":{"line":22,"column":1}},"5":{"start":{"line":21,"column":2},"end":{"line":21,"column":25}},"6":{"start":{"line":24,"column":0},"end":{"line":26,"column":1}},"7":{"start":{"line":25,"column":2},"end":{"line":25,"column":26}},"8":{"start":{"line":28,"column":0},"end":{"line":30,"column":1}},"9":{"start":{"line":29,"column":2},"end":{"line":29,"column":38}},"10":{"start":{"line":32,"column":0},"end":{"line":35,"column":1}},"11":{"start":{"line":33,"column":4},"end":{"line":33,"column":22}},"12":{"start":{"line":34,"column":4},"end":{"line":34,"column":19}},"13":{"start":{"line":48,"column":0},"end":{"line":48,"column":44}},"14":{"start":{"line":50,"column":0},"end":{"line":50,"column":53}},"15":{"start":{"line":65,"column":0},"end":{"line":69,"column":3}},"16":{"start":{"line":66,"column":2},"end":{"line":68,"column":5}},"17":{"start":{"line":67,"column":4},"end":{"line":67,"column":25}},"18":{"start":{"line":73,"column":0},"end":{"line":75,"column":3}},"19":{"start":{"line":74,"column":4},"end":{"line":74,"column":35}},"20":{"start":{"line":88,"column":0},"end":{"line":88,"column":27}}},"branchMap":{"1":{"line":29,"type":"binary-expr","locations":[{"start":{"line":29,"column":9},"end":{"line":29,"column":25}},{"start":{"line":29,"column":29},"end":{"line":29,"column":37}}]}}},"/Users/Aaron/Documents/Code/nodal/src/config.js":{"path":"/Users/Aaron/Documents/Code/nodal/src/config.js","s":{"1":1},"b":{},"f":{},"fnMap":{},"statementMap":{"1":{"start":{"line":1,"column":0},"end":{"line":99,"column":1}}},"branchMap":{}},"/Users/Aaron/Documents/Code/nodal/src/Providers/AppServiceProvider.js":{"path":"/Users/Aaron/Documents/Code/nodal/src/Providers/AppServiceProvider.js","s":{"1":1},"b":{},"f":{"1":1,"2":0},"fnMap":{"1":{"name":"(anonymous_1)","line":3,"loc":{"start":{"line":3,"column":12},"end":{"line":4,"column":2}}},"2":{"name":"(anonymous_2)","line":8,"loc":{"start":{"line":8,"column":8},"end":{"line":9,"column":2}}}},"statementMap":{"1":{"start":{"line":1,"column":0},"end":{"line":13,"column":1}}},"branchMap":{}},"/Users/Aaron/Documents/Code/nodal/src/Providers/EventServiceProvider.js":{"path":"/Users/Aaron/Documents/Code/nodal/src/Providers/EventServiceProvider.js","s":{"1":1,"2":1,"3":1,"4":1,"5":1,"6":1,"7":1,"8":1,"9":1,"10":1,"11":1,"12":1,"13":1,"14":1,"15":1,"16":1,"17":2,"18":1,"19":1},"b":{"1":[1,1]},"f":{"1":1,"2":0,"3":1,"4":1,"5":1,"6":1,"7":1,"8":1},"fnMap":{"1":{"name":"(anonymous_1)","line":8,"loc":{"start":{"line":8,"column":14},"end":{"line":9,"column":4}}},"2":{"name":"(anonymous_2)","line":15,"loc":{"start":{"line":15,"column":10},"end":{"line":16,"column":4}}},"3":{"name":"(anonymous_3)","line":20,"loc":{"start":{"line":20,"column":23},"end":{"line":21,"column":4}}},"4":{"name":"(anonymous_4)","line":28,"loc":{"start":{"line":28,"column":26},"end":{"line":29,"column":4}}},"5":{"name":"(anonymous_5)","line":30,"loc":{"start":{"line":30,"column":34},"end":{"line":30,"column":48}}},"6":{"name":"(anonymous_6)","line":36,"loc":{"start":{"line":36,"column":39},"end":{"line":36,"column":49}}},"7":{"name":"(anonymous_7)","line":42,"loc":{"start":{"line":42,"column":30},"end":{"line":43,"column":4}}},"8":{"name":"(anonymous_8)","line":46,"loc":{"start":{"line":46,"column":34},"end":{"line":46,"column":48}}}},"statementMap":{"1":{"start":{"line":1,"column":0},"end":{"line":57,"column":1}},"2":{"start":{"line":10,"column":8},"end":{"line":10,"column":42}},"3":{"start":{"line":11,"column":8},"end":{"line":11,"column":45}},"4":{"start":{"line":12,"column":8},"end":{"line":12,"column":49}},"5":{"start":{"line":23,"column":8},"end":{"line":23,"column":46}},"6":{"start":{"line":24,"column":8},"end":{"line":24,"column":56}},"7":{"start":{"line":25,"column":8},"end":{"line":25,"column":60}},"8":{"start":{"line":30,"column":8},"end":{"line":39,"column":11}},"9":{"start":{"line":31,"column":12},"end":{"line":31,"column":62}},"10":{"start":{"line":32,"column":12},"end":{"line":32,"column":54}},"11":{"start":{"line":34,"column":12},"end":{"line":34,"column":56}},"12":{"start":{"line":36,"column":12},"end":{"line":38,"column":15}},"13":{"start":{"line":37,"column":16},"end":{"line":37,"column":38}},"14":{"start":{"line":46,"column":8},"end":{"line":54,"column":11}},"15":{"start":{"line":47,"column":12},"end":{"line":47,"column":45}},"16":{"start":{"line":48,"column":12},"end":{"line":53,"column":13}},"17":{"start":{"line":49,"column":16},"end":{"line":52,"column":17}},"18":{"start":{"line":50,"column":20},"end":{"line":50,"column":52}},"19":{"start":{"line":51,"column":20},"end":{"line":51,"column":68}}},"branchMap":{"1":{"line":49,"type":"if","locations":[{"start":{"line":49,"column":16},"end":{"line":49,"column":16}},{"start":{"line":49,"column":16},"end":{"line":49,"column":16}}]}}},"/Users/Aaron/Documents/Code/nodal/src/Subscribers/ExampleSubscriber.js":{"path":"/Users/Aaron/Documents/Code/nodal/src/Subscribers/ExampleSubscriber.js","s":{"1":1,"2":1,"3":1,"4":1},"b":{},"f":{"1":1,"2":1,"3":0},"fnMap":{"1":{"name":"(anonymous_1)","line":1,"loc":{"start":{"line":1,"column":17},"end":{"line":1,"column":36}}},"2":{"name":"ExampleSubscriber","line":3,"loc":{"start":{"line":3,"column":4},"end":{"line":3,"column":32}}},"3":{"name":"(anonymous_3)","line":5,"loc":{"start":{"line":5,"column":32},"end":{"line":6,"column":8}}}},"statementMap":{"1":{"start":{"line":1,"column":0},"end":{"line":14,"column":1}},"2":{"start":{"line":3,"column":4},"end":{"line":11,"column":5}},"3":{"start":{"line":5,"column":8},"end":{"line":9,"column":9}},"4":{"start":{"line":13,"column":4},"end":{"line":13,"column":29}}},"branchMap":{}}}