TN:
SF:/Users/Aaron/Documents/Code/nodal/src/bootstrap.js
FN:16,(anonymous_1)
FN:20,(anonymous_2)
FN:24,(anonymous_3)
FN:28,(anonymous_4)
FN:32,(anonymous_5)
FN:65,(anonymous_6)
FN:66,(anonymous_7)
FN:73,(anonymous_8)
FNF:8
FNH:7
FNDA:7,(anonymous_1)
FNDA:5,(anonymous_2)
FNDA:1,(anonymous_3)
FNDA:9,(anonymous_4)
FNDA:0,(anonymous_5)
FNDA:1,(anonymous_6)
FNDA:2,(anonymous_7)
FNDA:2,(anonymous_8)
DA:12,1
DA:16,1
DA:17,7
DA:20,1
DA:21,5
DA:24,1
DA:25,1
DA:28,1
DA:29,9
DA:32,1
DA:33,0
DA:34,0
DA:48,1
DA:50,1
DA:65,1
DA:66,1
DA:67,2
DA:73,1
DA:74,2
DA:88,1
LF:20
LH:18
BRDA:29,1,0,9
BRDA:29,1,1,0
BRF:2
BRH:1
end_of_record
TN:
SF:/Users/Aaron/Documents/Code/nodal/src/config.js
FNF:0
FNH:0
DA:1,1
LF:1
LH:1
BRF:0
BRH:0
end_of_record
TN:
SF:/Users/Aaron/Documents/Code/nodal/src/Providers/AppServiceProvider.js
FN:3,(anonymous_1)
FN:8,(anonymous_2)
FNF:2
FNH:1
FNDA:1,(anonymous_1)
FNDA:0,(anonymous_2)
DA:1,1
LF:1
LH:1
BRF:0
BRH:0
end_of_record
TN:
SF:/Users/Aaron/Documents/Code/nodal/src/Providers/EventServiceProvider.js
FN:8,(anonymous_1)
FN:15,(anonymous_2)
FN:20,(anonymous_3)
FN:28,(anonymous_4)
FN:30,(anonymous_5)
FN:36,(anonymous_6)
FN:42,(anonymous_7)
FN:46,(anonymous_8)
FNF:8
FNH:7
FNDA:1,(anonymous_1)
FNDA:0,(anonymous_2)
FNDA:1,(anonymous_3)
FNDA:1,(anonymous_4)
FNDA:1,(anonymous_5)
FNDA:1,(anonymous_6)
FNDA:1,(anonymous_7)
FNDA:1,(anonymous_8)
DA:1,1
DA:10,1
DA:11,1
DA:12,1
DA:23,1
DA:24,1
DA:25,1
DA:30,1
DA:31,1
DA:32,1
DA:34,1
DA:36,1
DA:37,1
DA:46,1
DA:47,1
DA:48,1
DA:49,2
DA:50,1
DA:51,1
LF:19
LH:19
BRDA:49,1,0,1
BRDA:49,1,1,1
BRF:2
BRH:2
end_of_record
TN:
SF:/Users/Aaron/Documents/Code/nodal/src/Subscribers/ExampleSubscriber.js
FN:1,(anonymous_1)
FN:3,ExampleSubscriber
FN:5,(anonymous_3)
FNF:3
FNH:2
FNDA:1,(anonymous_1)
FNDA:1,ExampleSubscriber
FNDA:0,(anonymous_3)
DA:1,1
DA:3,1
DA:5,1
DA:13,1
LF:4
LH:4
BRF:0
BRH:0
end_of_record
